A D/actions////
A D/archive////
A D/contextual////
A D/dashboard////
A D/drupal////
A D/field////
A D/field_ui////
A D/file////
A D/image////
A D/legacy////
A D/overlay////
A D/page////
A D/rdf////
A D/shortcut////
A D/simpletest////
A D/story////
A D/toolbar////
A D/watchdog////
R D/watchdog////
R D/toolbar////
R D/story////
R D/simpletest////
R D/shortcut////
R D/rdf////
R D/page////
R D/overlay////
R D/legacy////
R D/image////
R D/file////
R D/field_ui////
R D/field////
R D/drupal////
R D/dashboard////
R D/contextual////
R D/archive////
R D/actions////
